[12:28:25] [Server thread/INFO]: Starting minecraft server version 1.12.2
[12:28:25] [Server thread/INFO]: Loading properties
[12:28:25] [Server thread/INFO]: Default game type: SURVIVAL
[12:28:25] [Server thread/INFO]: This server is running CraftBukkit version git-Spigot-dcd1643-e60fc34 (MC: 1.12.2) (Implementing API version 1.12.2-R0.1-SNAPSHOT)
[12:28:25] [Server thread/INFO]: Debug logging is disabled
[12:28:25] [Server thread/INFO]: Server Ping Player Sample Count: 12
[12:28:25] [Server thread/INFO]: Using 4 threads for Netty based IO
[12:28:25] [Server thread/INFO]: Generating keypair
[12:28:25] [Server thread/INFO]: Starting Minecraft server on 25.45.225.19:25566
[12:28:25] [Server thread/INFO]: Using default channel type
[12:28:26] [Server thread/INFO]: Set PluginClassLoader as parallel capable
[12:28:26] [Server thread/INFO]: [MorkazSk] Loading MorkazSk v1.1
[12:28:26] [Server thread/INFO]: [NoPlugins] Loading NoPlugins v6.9.1
[12:28:26] [Server thread/INFO]: [PluginConstructorAPI] Loading PluginConstructorAPI v1.0.51
[12:28:26] [Server thread/INFO]: [SkinsRestorer] Loading SkinsRestorer v13.5-SNAPSHOT
[12:28:26] [Server thread/INFO]: [WorldEdit] Loading WorldEdit v6.1.9;caf0ad9
[12:28:26] [Server thread/INFO]: [Join Commands] Loading JoinCommands v1.2.0
[12:28:26] [Server thread/INFO]: [Skript] Loading Skript v2.4-alpha4
[12:28:26] [Server thread/INFO]: [PlaceholderAPI] Loading PlaceholderAPI v2.10.3
[12:28:26] [Server thread/INFO]: [PermissionsEx] Loading PermissionsEx v1.23.4
[12:28:26] [Server thread/WARN]: [PermissionsEx] This server is in offline mode. Unless this server is configured to integrate with a supported proxy (see http://dft.ba/-8ous), UUIDs *may not be stable*!
[12:28:26] [Server thread/INFO]: [skUtilities] Loading skUtilities v0.9.2
[12:28:26] [Server thread/INFO]: [ViaVersion] Loading ViaVersion v1.5.2
[12:28:26] [Server thread/INFO]: [ViaVersion] ViaVersion 1.5.2 is now loaded, injecting!
[12:28:26] [Server thread/INFO]: [ViaVersion] Loading block mapping...
[12:28:27] [Server thread/INFO]: [ViaVersion] Loading item mapping...
[12:28:27] [Server thread/INFO]: [ViaVersion] Loading new tags...
[12:28:27] [Server thread/INFO]: [ViaVersion] Loading enchantments...
[12:28:27] [Server thread/INFO]: [ViaVersion] Loading sound mapping...
[12:28:27] [Server thread/INFO]: [Vault] Loading Vault v1.5.6-b49
[12:28:27] [Server thread/INFO]: [SimplePortals] Loading SimplePortals v1.3.3-B
[12:28:27] [Server thread/INFO]: [WorldGuard] Loading WorldGuard v6.1
[12:28:27] [Server thread/INFO]: [Citizens] Loading Citizens v2.0.22-SNAPSHOT (build 1487)
[12:28:27] [Server thread/INFO]: [Essentials] Loading Essentials v2.15.0.18
[12:28:27] [Server thread/INFO]: [EssentialsChat] Loading EssentialsChat v2.15.0.18
[12:28:27] [Server thread/INFO]: [CommandNPC] Loading CommandNPC v1.9.1
[12:28:27] [Server thread/INFO]: [EssentialsSpawn] Loading EssentialsSpawn v2.15.0.45
[12:28:27] [Server thread/INFO]: [AuthMe] Loading AuthMe v5.4.0-b1877
[12:28:27] [Server thread/INFO]: [ForceResourcepacks] Loading ForceResourcepacks v1.7.18 (build #271)
[12:28:27] [Server thread/ERROR]: com/sk89q/worldguard/session/handler/Handler$Factory initializing ForceResourcepacks v1.7.18 (build #271) (Is it up to date?)
java.lang.NoClassDefFoundError: com/sk89q/worldguard/session/handler/Handler$Factory
	at java.lang.Class.forName0(Native Method) ~[?:1.8.0_221]
	at java.lang.Class.forName(Unknown Source) ~[?:1.8.0_221]
	at de.themoep.resourcepacksplugin.bukkit.ForceResourcepacks.onLoad(ForceResourcepacks.java:60) ~[?:?]
	at org.bukkit.craftbukkit.v1_12_R1.CraftServer.loadPlugins(CraftServer.java:310) [Spigot.jar:git-Spigot-dcd1643-e60fc34]
	at net.minecraft.server.v1_12_R1.DedicatedServer.init(DedicatedServer.java:205) [Spigot.jar:git-Spigot-dcd1643-e60fc34]
	at net.minecraft.server.v1_12_R1.MinecraftServer.run(MinecraftServer.java:545) [Spigot.jar:git-Spigot-dcd1643-e60fc34]
	at java.lang.Thread.run(Unknown Source) [?:1.8.0_221]
Caused by: java.lang.ClassNotFoundException: com.sk89q.worldguard.session.handler.Handler$Factory
	at java.net.URLClassLoader.findClass(Unknown Source) ~[?:1.8.0_221]
	at org.bukkit.plugin.java.PluginClassLoader.findClass(PluginClassLoader.java:152) ~[Spigot.jar:git-Spigot-dcd1643-e60fc34]
	at org.bukkit.plugin.java.PluginClassLoader.findClass(PluginClassLoader.java:100) ~[Spigot.jar:git-Spigot-dcd1643-e60fc34]
	at java.lang.ClassLoader.loadClass(Unknown Source) ~[?:1.8.0_221]
	at java.lang.ClassLoader.loadClass(Unknown Source) ~[?:1.8.0_221]
	... 7 more
[12:28:27] [Server thread/INFO]: [Vault] Enabling Vault v1.5.6-b49
[12:28:27] [Server thread/INFO]: [Vault] [Economy] Essentials Economy found: Waiting
[12:28:27] [Server thread/INFO]: [Vault] [Permission] PermissionsEx found: Waiting
[12:28:27] [Server thread/INFO]: [Vault] [Permission] SuperPermissions loaded as backup permission system.
[12:28:27] [Server thread/INFO]: [Vault] [Chat] PermissionsEx found: Waiting
[12:28:27] [Server thread/INFO]: [Vault] Enabled Version 1.5.6-b49
[12:28:27] [Server thread/WARN]: **** SERVER IS RUNNING IN OFFLINE/INSECURE MODE!
[12:28:27] [Server thread/WARN]: The server will make no attempt to authenticate usernames. Beware.
[12:28:27] [Server thread/WARN]: Whilst this makes it possible to use BungeeCord, unless access to your server is properly restricted, it also opens up the ability for hackers to connect with any username they choose.
[12:28:27] [Server thread/WARN]: Please see http://www.spigotmc.org/wiki/firewall-guide/ for further information.
[12:28:27] [Server thread/WARN]: To change this, set "online-mode" to "true" in the server.properties file.
[12:28:27] [Server thread/INFO]: **** Beginning UUID conversion, this may take A LONG time ****
[12:28:27] [Server thread/INFO]: Preparing level "world"
[12:28:27] [Server thread/INFO]: -------- World Settings For [world] --------
[12:28:27] [Server thread/INFO]: Item Merge Radius: 2.5
[12:28:27] [Server thread/INFO]: Item Despawn Rate: 6000
[12:28:27] [Server thread/INFO]: Arrow Despawn Rate: 1200
[12:28:27] [Server thread/INFO]: Allow Zombie Pigmen to spawn from portal blocks: true
[12:28:27] [Server thread/INFO]: Nerfing mobs spawned from spawners: false
[12:28:27] [Server thread/INFO]: Zombie Aggressive Towards Villager: true
[12:28:27] [Server thread/INFO]: Custom Map Seeds:  Village: 10387312 Feature: 14357617 Monument: 10387313 Slime: 987234911
[12:28:27] [Server thread/INFO]: View Distance: 10
[12:28:27] [Server thread/INFO]: Experience Merge Radius: 3.0
[12:28:27] [Server thread/INFO]: Mob Spawn Range: 4
[12:28:27] [Server thread/INFO]: Structure Info Saving: true
[12:28:27] [Server thread/INFO]: Max TNT Explosions: 100
[12:28:27] [Server thread/INFO]: Entity Activation Range: An 32 / Mo 32 / Mi 16 / Tiv true
[12:28:27] [Server thread/INFO]: Entity Tracking Range: Pl 48 / An 48 / Mo 48 / Mi 32 / Other 64
[12:28:27] [Server thread/INFO]: Tile Max Tick Time: 50ms Entity max Tick Time: 50ms
[12:28:27] [Server thread/INFO]: Hopper Transfer: 8 Hopper Check: 1 Hopper Amount: 1
[12:28:27] [Server thread/INFO]: Cactus Growth Modifier: 100%
[12:28:27] [Server thread/INFO]: Cane Growth Modifier: 100%
[12:28:27] [Server thread/INFO]: Melon Growth Modifier: 100%
[12:28:27] [Server thread/INFO]: Mushroom Growth Modifier: 100%
[12:28:27] [Server thread/INFO]: Pumpkin Growth Modifier: 100%
[12:28:27] [Server thread/INFO]: Sapling Growth Modifier: 100%
[12:28:27] [Server thread/INFO]: Wheat Growth Modifier: 100%
[12:28:27] [Server thread/INFO]: NetherWart Growth Modifier: 100%
[12:28:27] [Server thread/INFO]: Vine Growth Modifier: 100%
[12:28:27] [Server thread/INFO]: Cocoa Growth Modifier: 100%
[12:28:27] [Server thread/INFO]: Random Lighting Updates: false
[12:28:28] [Server thread/INFO]: Preparing start region for level 0 (Seed: -327131100239071421)
[12:28:28] [Server thread/INFO]: [MorkazSk] Enabling MorkazSk v1.1
[12:28:28] [Server thread/ERROR]: Error occurred while enabling MorkazSk v1.1 (Is it up to date?)
java.lang.NoClassDefFoundError: com/morkaz/moxlibrary/other/moxdata/MoxData
	at com.morkaz.morkazsk.optionals.moxcore.ExprMoxData.<clinit>(ExprMoxData.java:49) ~[?:?]
	at java.lang.Class.forName0(Native Method) ~[?:1.8.0_221]
	at java.lang.Class.forName(Unknown Source) ~[?:1.8.0_221]
	at ch.njol.skript.SkriptAddon.loadClasses(SkriptAddon.java:108) ~[?:?]
	at com.morkaz.morkazsk.managers.RegisterManager.loadElementsClasses(RegisterManager.java:46) ~[?:?]
	at com.morkaz.morkazsk.MorkazSk.onEnable(MorkazSk.java:40) ~[?:?]
	at org.bukkit.plugin.java.JavaPlugin.setEnabled(JavaPlugin.java:264) ~[Spigot.jar:git-Spigot-dcd1643-e60fc34]
	at org.bukkit.plugin.java.JavaPluginLoader.enablePlugin(JavaPluginLoader.java:337) [Spigot.jar:git-Spigot-dcd1643-e60fc34]
	at org.bukkit.plugin.SimplePluginManager.enablePlugin(SimplePluginManager.java:403) [Spigot.jar:git-Spigot-dcd1643-e60fc34]
	at org.bukkit.craftbukkit.v1_12_R1.CraftServer.enablePlugin(CraftServer.java:381) [Spigot.jar:git-Spigot-dcd1643-e60fc34]
	at org.bukkit.craftbukkit.v1_12_R1.CraftServer.enablePlugins(CraftServer.java:330) [Spigot.jar:git-Spigot-dcd1643-e60fc34]
	at net.minecraft.server.v1_12_R1.MinecraftServer.t(MinecraftServer.java:422) [Spigot.jar:git-Spigot-dcd1643-e60fc34]
	at net.minecraft.server.v1_12_R1.MinecraftServer.l(MinecraftServer.java:383) [Spigot.jar:git-Spigot-dcd1643-e60fc34]
	at net.minecraft.server.v1_12_R1.MinecraftServer.a(MinecraftServer.java:338) [Spigot.jar:git-Spigot-dcd1643-e60fc34]
	at net.minecraft.server.v1_12_R1.DedicatedServer.init(DedicatedServer.java:272) [Spigot.jar:git-Spigot-dcd1643-e60fc34]
	at net.minecraft.server.v1_12_R1.MinecraftServer.run(MinecraftServer.java:545) [Spigot.jar:git-Spigot-dcd1643-e60fc34]
	at java.lang.Thread.run(Unknown Source) [?:1.8.0_221]
Caused by: java.lang.ClassNotFoundException: com.morkaz.moxlibrary.other.moxdata.MoxData
	at java.net.URLClassLoader.findClass(Unknown Source) ~[?:1.8.0_221]
	at org.bukkit.plugin.java.PluginClassLoader.findClass(PluginClassLoader.java:152) ~[Spigot.jar:git-Spigot-dcd1643-e60fc34]
	at org.bukkit.plugin.java.PluginClassLoader.findClass(PluginClassLoader.java:100) ~[Spigot.jar:git-Spigot-dcd1643-e60fc34]
	at java.lang.ClassLoader.loadClass(Unknown Source) ~[?:1.8.0_221]
	at java.lang.ClassLoader.loadClass(Unknown Source) ~[?:1.8.0_221]
	... 17 more
[12:28:28] [Server thread/INFO]: [NoPlugins] Enabling NoPlugins v6.9.1
[12:28:28] [Server thread/INFO]: [NoPlugins] Running version: v6.9.1
[12:28:28] [Server thread/ERROR]: [NoPlugins] ProtocolLib not found. Tab blocker can't be enabled.
[12:28:29] [Server thread/INFO]: [NoPlugins] --------------------------------
[12:28:29] [Server thread/INFO]: [NoPlugins] New Version: 7.1
[12:28:29] [Server thread/INFO]: [NoPlugins] Current Version: 6.9.1
[12:28:29] [Server thread/INFO]: [NoPlugins] Download link: https://www.spigotmc.org/resources/12965
[12:28:29] [Server thread/INFO]: [NoPlugins] This plugin is seriously recommended to update if you want to keep your plugins private.
[12:28:29] [Server thread/INFO]: [NoPlugins] --------------------------------
[12:28:29] [Server thread/INFO]: [NoPlugins] Successfully loaded.
[12:28:29] [Server thread/INFO]: [PluginConstructorAPI] Enabling PluginConstructorAPI v1.0.51
[12:28:29] [Server thread/INFO]: [SkinsRestorer] Enabling SkinsRestorer v13.5-SNAPSHOT
[12:28:29] [Server thread/INFO]: [0;33;1m[[0;32;22mSkinsRestorer[0;33;1m] [0;32;1mDetected Minecraft [0;33;1mv1_12_R1[0;32;1m, using [0;33;1mUniversalSkinFactory[0;32;1m.[m
[12:28:29] [Server thread/INFO]: [WorldEdit] Enabling WorldEdit v6.1.9;caf0ad9
[12:28:29] [Server thread/INFO]: WEPIF: Using the Bukkit Permissions API.
[12:28:30] [Server thread/INFO]: [WorldEdit] Using com.sk89q.worldedit.bukkit.adapter.impl.Spigot_v1_12_R2 as the Bukkit adapter
[12:28:30] [Server thread/INFO]: [Join Commands] Enabling JoinCommands v1.2.0
[12:28:30] [Server thread/INFO]: [Skript] Enabling Skript v2.4-alpha4
[12:28:30] [Server thread/INFO]: [0;37;22m[[0;33;22mSkript[0;37;22m][m You're currently running custom Skript version. No updates will be automatically installed.[m
[12:28:32] [Server thread/INFO]: [Skript] Loaded 18144 aliases in 2624ms
[12:28:33] [Server thread/INFO]: [Skript]  ~ created by & © Peter Güttinger aka Njol ~
[12:28:33] [Server thread/INFO]: [PlaceholderAPI] Enabling PlaceholderAPI v2.10.3
[12:28:33] [Server thread/INFO]: [PlaceholderAPI] Fetching available expansion information...
[12:28:33] [Server thread/INFO]: [PermissionsEx] Enabling PermissionsEx v1.23.4
[12:28:33] [Server thread/INFO]: [PermissionsEx] Initializing file backend
[12:28:33] [Server thread/INFO]: [PermissionsEx] Permissions file successfully reloaded
[12:28:33] [Server thread/INFO]: WEPIF: PermissionsEx detected! Using PermissionsEx for permissions.
[12:28:33] [Server thread/INFO]: [Vault][Permission] PermissionsEx hooked.
[12:28:33] [Server thread/INFO]: [Vault][Chat] PermissionsEx_Chat hooked.
[12:28:33] [Server thread/INFO]: [skUtilities] Enabling skUtilities v0.9.2
[12:28:33] [Server thread/INFO]: [skUtilities] v0.9.2: loaded modules (Conversions, Files, Yaml, Urls, Utilities) in 75ms
[12:28:33] [Server thread/INFO]: [ViaVersion] Enabling ViaVersion v1.5.2
[12:28:33] [Server thread/INFO]: [SimplePortals] Enabling SimplePortals v1.3.3-B
[12:28:33] [Server thread/INFO]: [SimplePortals] Everything inside the configuration seems to be up to date.
[12:28:33] [Server thread/INFO]: [SimplePortals] All packets have been successfully setup for v1_12_R1!
[12:28:33] [Server thread/INFO]: [SimplePortals] The plugin has enabled successfully!
[12:28:33] [Server thread/INFO]: [SimplePortals] The version 1.3.3-B is doesn't match the latest version!
[12:28:33] [Server thread/INFO]: [WorldGuard] Enabling WorldGuard v6.1
[12:28:33] [Server thread/ERROR]: Error occurred while enabling WorldGuard v6.1 (Is it up to date?)
java.lang.NoSuchMethodError: com.google.common.util.concurrent.MoreExecutors.sameThreadExecutor()Lcom/google/common/util/concurrent/ListeningExecutorService;
	at com.sk89q.worldguard.internal.guava.cache.LocalCache.<clinit>(LocalCache.java:77) ~[?:?]
	at com.sk89q.worldguard.internal.guava.cache.LocalCache$LocalLoadingCache.<init>(LocalCache.java:4798) ~[?:?]
	at com.sk89q.worldguard.internal.guava.cache.CacheBuilder.build(CacheBuilder.java:793) ~[?:?]
	at com.sk89q.worldguard.session.SessionManager.<init>(SessionManager.java:56) ~[?:?]
	at com.sk89q.worldguard.bukkit.WorldGuardPlugin.onEnable(WorldGuardPlugin.java:135) ~[?:?]
	at org.bukkit.plugin.java.JavaPlugin.setEnabled(JavaPlugin.java:264) ~[Spigot.jar:git-Spigot-dcd1643-e60fc34]
	at org.bukkit.plugin.java.JavaPluginLoader.enablePlugin(JavaPluginLoader.java:337) [Spigot.jar:git-Spigot-dcd1643-e60fc34]
	at org.bukkit.plugin.SimplePluginManager.enablePlugin(SimplePluginManager.java:403) [Spigot.jar:git-Spigot-dcd1643-e60fc34]
	at org.bukkit.craftbukkit.v1_12_R1.CraftServer.enablePlugin(CraftServer.java:381) [Spigot.jar:git-Spigot-dcd1643-e60fc34]
	at org.bukkit.craftbukkit.v1_12_R1.CraftServer.enablePlugins(CraftServer.java:330) [Spigot.jar:git-Spigot-dcd1643-e60fc34]
	at net.minecraft.server.v1_12_R1.MinecraftServer.t(MinecraftServer.java:422) [Spigot.jar:git-Spigot-dcd1643-e60fc34]
	at net.minecraft.server.v1_12_R1.MinecraftServer.l(MinecraftServer.java:383) [Spigot.jar:git-Spigot-dcd1643-e60fc34]
	at net.minecraft.server.v1_12_R1.MinecraftServer.a(MinecraftServer.java:338) [Spigot.jar:git-Spigot-dcd1643-e60fc34]
	at net.minecraft.server.v1_12_R1.DedicatedServer.init(DedicatedServer.java:272) [Spigot.jar:git-Spigot-dcd1643-e60fc34]
	at net.minecraft.server.v1_12_R1.MinecraftServer.run(MinecraftServer.java:545) [Spigot.jar:git-Spigot-dcd1643-e60fc34]
	at java.lang.Thread.run(Unknown Source) [?:1.8.0_221]
[12:28:33] [Server thread/INFO]: [Citizens] Enabling Citizens v2.0.22-SNAPSHOT (build 1487)
[12:28:34] [Server thread/INFO]: [Essentials] Enabling Essentials v2.15.0.18
[12:28:34] [Server thread/WARN]: [Essentials] §4Version mismatch! Please update EssentialsSpawn to the same version.
[12:28:34] [Server thread/INFO]: Attempting to convert old kits in config.yml to new kits.yml
[12:28:34] [Server thread/INFO]: No kits found to migrate.
[12:28:34] [Server thread/INFO]: [Essentials] Using 1.8.3+ BlockStateMeta provider as mob spawner provider.
[12:28:34] [Server thread/INFO]: [Essentials] Using Reflection based provider as spawn egg provider.
[12:28:34] [Server thread/INFO]: [Essentials] Using 1.9+ BasePotionData provider as potion meta provider.
[12:28:34] [Server thread/INFO]: Using locale en_US
[12:28:34] [Server thread/INFO]: [Essentials] Using Spigot 1.7.10+ ServerListPingEvent iterator
[12:28:34] [Server thread/INFO]: [Essentials] Starting Metrics. Opt-out using the global bStats config.
[12:28:34] [Server thread/INFO]: [Vault][Economy] Essentials Economy hooked.
[12:28:34] [Server thread/INFO]: [Essentials] Using Vault based permissions (PermissionsEx)
[12:28:34] [Server thread/INFO]: [EssentialsChat] Enabling EssentialsChat v2.15.0.18
[12:28:34] [Server thread/INFO]: [CommandNPC] Enabling CommandNPC v1.9.1
[12:28:34] [Server thread/INFO]: [0;30;1m[[0;32;22mCommandNPC[0;30;1m] [0;33;22mVault compatible economy found! Economy support for CommandNPC has been enabled.[m
[12:28:34] [Server thread/INFO]: [0;30;1m[[0;32;22mCommandNPC[0;30;1m] [0;33;22mInitiating Database[m
[12:28:34] [Server thread/INFO]: [0;30;1m[[0;32;22mCommandNPC[0;30;1m] [0;33;22mInjecting command info into Citizens.[m
[12:28:34] [Thread-11/INFO]: [0;30;1m[[0;32;22mCommandNPC[0;30;1m] [0;33;22mLoading commands complete![m
[12:28:34] [Server thread/INFO]: [0;30;1m[[0;32;22mCommandNPC[0;30;1m] [0;33;22mCommandNPC successfully loaded![m
[12:28:34] [Server thread/INFO]: [EssentialsSpawn] Enabling EssentialsSpawn v2.15.0.45
[12:28:34] [Server thread/WARN]: §4Version mismatch! Please update all Essentials jars to the same version.
[12:28:34] [Server thread/INFO]: [AuthMe] Enabling AuthMe v5.4.0-b1877
[12:28:34] [Server thread/INFO]: [AuthMe] SQLite Setup finished
[12:28:34] [Server thread/INFO]: [AuthMe] Hooked into PermissionsEx!
[12:28:34] [Server thread/INFO]: [AuthMe] Hooked successfully into Essentials
[12:28:34] [Server thread/INFO]: [AuthMe] Essentials spawn file not found: 'C:\Users\ad\Desktop\Server\MAIN\HubWizard\plugins\Essentials\spawn.yml'
[12:28:34] [Thread-12/WARN]: [AuthMe] Could not download GeoLiteAPI database [FileNotFoundException]: http://geolite.maxmind.com/download/geoip/database/GeoLiteCountry/GeoIP.dat.gz
[12:28:35] [Server thread/WARN]: [AuthMe] WARNING! The protectInventory feature requires ProtocolLib! Disabling it...
[12:28:35] [Server thread/INFO]: [AuthMe] Development builds are available on our jenkins, thanks to f14stelt.
[12:28:35] [Server thread/INFO]: [AuthMe] Do you want a good game server? Look at our sponsor GameHosting.it leader in Italy as Game Server Provider!
[12:28:35] [Server thread/INFO]: [AuthMe] AuthMe 5.4.0 build n.1877 correctly enabled!
[12:28:35] [Server thread/INFO]: [ForceResourcepacks] Enabling ForceResourcepacks v1.7.18 (build #271)
[12:28:35] [Server thread/INFO]: [0;31;1m[ForceResourcepacks] [0;31;22mCracked by t0r[m
[12:28:35] [Server thread/INFO]: [ForceResourcepacks] Loading config!
[12:28:35] [Server thread/INFO]: [ForceResourcepacks] Debug level: FINE
[12:28:35] [Server thread/INFO]: [ForceResourcepacks] overworld - https://download.nodecdn.net/containers/nodecraft/minepack/cc53bbd816fd1dfd82be9aba48537dc8.zip - 4d3686c2d0b9cc0bba69d1dba99521ffdd18c370
[12:28:35] [Server thread/INFO]: [ForceResourcepacks] nether - http://example.com/netherresourcepack.zip - 012345678abcdef012345678abcdef012345678a
[12:28:35] [Server thread/INFO]: [ForceResourcepacks] empty - http://cdn.moep.tv/files/Empty.zip - c05faed4680570a6159823e13fbae2ae830166ab
[12:28:35] [Server thread/INFO]: [ForceResourcepacks] Loading global assignment...
[12:28:35] [Server thread/INFO]: [ForceResourcepacks] Loaded global assignment PackActionAssignment{name=global, pack=overworld, secondaries=[], sendDelay=3, statusMap=[LOADED=[MESSAGE=Cài Đặt Thành Công Gói Tài Nguyên WizardLand, CONSOLE_COMMAND=gamemode 2 %player%, DECLINED=[KICK=&cBạn Phải Chấp Nhận Resourpack!/n&2Hướng Dẫn Tại Đây &ehttp://s.moep.tv/rp &c!, firstJoinStatusMap=[LOADED=[MESSAGE=&aCài Đặt Thành Công Gói Tài Nguyên &6Wizard&2Land, DECLINED=[KICK=&cBạn Phải Chấp Nhận Resourpack,Hướng Dẫn Tại Đây &ehttp://s.moep.tv/rp &c!}
[12:28:35] [Server thread/INFO]: [ForceResourcepacks] Loading world assignments...
[12:28:35] [Server thread/INFO]: [ForceResourcepacks] Loading assignment for world your_example_world...
[12:28:35] [Server thread/INFO]: [ForceResourcepacks] Loaded assignment PackActionAssignment{name=your_example_world, pack=overworld, secondaries=[nether], sendDelay=-1, regex=example_world_.*, statusMap=[LOADED=[MESSAGE=&aYou are now using the &e%pack%&a pack!, DECLINED=[TITLE=&cPlease accept pack!, SUBTITLE=&eIt looks a lot nicer with it!, MESSAGE=&cVisit &ehttp://s.moep.tv/rp&c for info on how to enable the server resource pack!, FAILED=[KICK=&ePlease try rejoining, you need the pack!, ACCEPTED=[MESSAGE=&cDownloading server resource pack...}
[12:28:35] [Server thread/INFO]: [ForceResourcepacks] Loading assignment for world your_example_nether...
[12:28:35] [Server thread/WARN]: [ForceResourcepacks] The destination lobby does not exist! The send action for the your_example_nether assignment will not work!
[12:28:35] [Server thread/INFO]: [ForceResourcepacks] Loaded assignment PackActionAssignment{name=your_example_nether, pack=nether, secondaries=[], sendDelay=-1, statusMap=[DECLINED=[SEND=world, TITLE=&cYou need the pack!, SUBTITLE=&eYou cannot play without it!, MESSAGE=&cVisit &ehttp://s.moep.tv/rp&c for info on how to enable the server resource pack!, TIMEOUT=[TITLE=&cPlease accept the pack!, SUBTITLE=&eYou cannot play without it!}
[12:28:35] [Server thread/INFO]: [ForceResourcepacks] Detected AuthMe 5.4.0-b1877
[12:28:35] [Server thread/INFO]: [ForceResourcepacks] Detected server packformat 3!
[12:28:35] [Server thread/INFO]: [ForceResourcepacks] Detected ViaVersion 1.5.2
[12:28:35] [Server thread/INFO]: Server permissions file permissions.yml is empty, ignoring it
[12:28:35] [Server thread/INFO]: Done (7.956s)! For help, type "help" or "?"
[12:28:35] [Server thread/ERROR]: [Skript] An error occurred while trying to enable support for WorldGuard 6. WorldGuard region support has been disabled!
[12:28:35] [Server thread/ERROR]: [Skript] Could not hook into WorldGuard. This can happen if Skript doesn't support the installed version of WorldGuard
[12:28:35] [Server thread/INFO]: [Skript] Loading variables...
[12:28:35] [Server thread/INFO]: [Skript] Loaded 0 variables in 0.0 seconds
[12:28:35] [Server thread/ERROR]: #!#! 
[12:28:35] [Server thread/ERROR]: #!#! [Skript] Severe Error:
[12:28:35] [Server thread/ERROR]: #!#! Could not load music.sk
[12:28:35] [Server thread/ERROR]: #!#! 
[12:28:35] [Server thread/ERROR]: #!#! Something went horribly wrong with Skript.
[12:28:35] [Server thread/ERROR]: #!#! This issue is NOT your fault! You probably can't fix it yourself, either.
[12:28:35] [Server thread/ERROR]: #!#! It looks like you are using some plugin(s) that alter how Skript works (addons).
[12:28:35] [Server thread/ERROR]: #!#! Here is full list of them:
[12:28:35] [Server thread/ERROR]: #!#! skUtilities (https://tim740.github.io/) 
[12:28:35] [Server thread/ERROR]: #!#! We could not identify which of those are specially related, so this might also be Skript issue.
[12:28:35] [Server thread/ERROR]: #!#! You should try disabling those plugins one by one, trying to find which one causes it.
[12:28:35] [Server thread/ERROR]: #!#! If the error doesn't disappear even after disabling all listed plugins, it is probably Skript issue.
[12:28:35] [Server thread/ERROR]: #!#! In that case, you will be given instruction on how should you report it.
[12:28:35] [Server thread/ERROR]: #!#! On the other hand, if the error disappears when disabling some plugin, report it to author of that plugin.
[12:28:35] [Server thread/ERROR]: #!#! Only if the author tells you to do so, report it to Skript's issue tracker.
[12:28:35] [Server thread/ERROR]: #!#! 
[12:28:35] [Server thread/ERROR]: #!#! Stack trace:
[12:28:35] [Server thread/ERROR]: #!#! ch.njol.skript.SkriptAPIException: No class info found for moxdata
[12:28:35] [Server thread/ERROR]: #!#!     at ch.njol.skript.registrations.Classes.getClassInfo(Classes.java:263)
[12:28:35] [Server thread/ERROR]: #!#!     at ch.njol.skript.lang.SkriptParser.createExprInfo(SkriptParser.java:1833)
[12:28:35] [Server thread/ERROR]: #!#!     at ch.njol.skript.lang.SkriptParser.getExprInfo(SkriptParser.java:1800)
[12:28:35] [Server thread/ERROR]: #!#!     at ch.njol.skript.lang.SkriptParser.parse_i(SkriptParser.java:1548)
[12:28:35] [Server thread/ERROR]: #!#!     at ch.njol.skript.lang.SkriptParser.parse(SkriptParser.java:224)
[12:28:35] [Server thread/ERROR]: #!#!     at ch.njol.skript.lang.SkriptParser.parse(SkriptParser.java:179)
[12:28:35] [Server thread/ERROR]: #!#!     at ch.njol.skript.lang.Statement.parse(Statement.java:59)
[12:28:35] [Server thread/ERROR]: #!#!     at ch.njol.skript.ScriptLoader.loadItems(ScriptLoader.java:1003)
[12:28:35] [Server thread/ERROR]: #!#!     at ch.njol.skript.lang.Loop.<init>(Loop.java:66)
[12:28:35] [Server thread/ERROR]: #!#!     at ch.njol.skript.ScriptLoader.loadItems(ScriptLoader.java:1040)
[12:28:35] [Server thread/ERROR]: #!#!     at ch.njol.skript.ScriptLoader.loadScript(ScriptLoader.java:690)
[12:28:35] [Server thread/ERROR]: #!#!     at ch.njol.skript.ScriptLoader.lambda$1(ScriptLoader.java:406)
[12:28:35] [Server thread/ERROR]: #!#!     at ch.njol.skript.ScriptLoader.loadScripts(ScriptLoader.java:425)
[12:28:35] [Server thread/ERROR]: #!#!     at ch.njol.skript.ScriptLoader.lambda$0(ScriptLoader.java:347)
[12:28:35] [Server thread/ERROR]: #!#!     at ch.njol.skript.ScriptLoader.loadScripts(ScriptLoader.java:377)
[12:28:35] [Server thread/ERROR]: #!#!     at ch.njol.skript.Skript$2.run(Skript.java:534)
[12:28:35] [Server thread/ERROR]: #!#!     at org.bukkit.craftbukkit.v1_12_R1.scheduler.CraftTask.run(CraftTask.java:76)
[12:28:35] [Server thread/ERROR]: #!#!     at org.bukkit.craftbukkit.v1_12_R1.scheduler.CraftScheduler.mainThreadHeartbeat(CraftScheduler.java:361)
[12:28:35] [Server thread/ERROR]: #!#!     at net.minecraft.server.v1_12_R1.MinecraftServer.D(MinecraftServer.java:739)
[12:28:35] [Server thread/ERROR]: #!#!     at net.minecraft.server.v1_12_R1.DedicatedServer.D(DedicatedServer.java:406)
[12:28:35] [Server thread/ERROR]: #!#!     at net.minecraft.server.v1_12_R1.MinecraftServer.C(MinecraftServer.java:679)
[12:28:35] [Server thread/ERROR]: #!#!     at net.minecraft.server.v1_12_R1.MinecraftServer.run(MinecraftServer.java:577)
[12:28:35] [Server thread/ERROR]: #!#!     at java.lang.Thread.run(Unknown Source)
[12:28:35] [Server thread/ERROR]: #!#! 
[12:28:35] [Server thread/ERROR]: #!#! Version Information:
[12:28:35] [Server thread/ERROR]: #!#!   Skript: 2.4-alpha4 (custom version)
[12:28:35] [Server thread/ERROR]: #!#!     Flavor: selfbuilt-unknown
[12:28:35] [Server thread/ERROR]: #!#!     Date: unknown
[12:28:35] [Server thread/ERROR]: #!#!   Bukkit: 1.12.2-R0.1-SNAPSHOT
[12:28:35] [Server thread/ERROR]: #!#!   Minecraft: 1.12.2
[12:28:35] [Server thread/ERROR]: #!#!   Java: 1.8.0_221 (Java HotSpot(TM) 64-Bit Server VM 25.221-b11)
[12:28:35] [Server thread/ERROR]: #!#!   OS: Windows 10 amd64 10.0
[12:28:35] [Server thread/ERROR]: #!#! 
[12:28:35] [Server thread/ERROR]: #!#! Server platform: Spigot
[12:28:35] [Server thread/ERROR]: #!#! 
[12:28:35] [Server thread/ERROR]: #!#! Current node: play sound "record.cat" in player category with volume 1.0 and pitch 1.0 to player (music.sk, line 3)
[12:28:35] [Server thread/ERROR]: #!#! Current item: null
[12:28:35] [Server thread/ERROR]: #!#! 
[12:28:35] [Server thread/ERROR]: #!#! Thread: Server thread
[12:28:35] [Server thread/ERROR]: #!#! 
[12:28:35] [Server thread/ERROR]: #!#! Language: english
[12:28:35] [Server thread/ERROR]: #!#! Link parse mode: DISABLED
[12:28:35] [Server thread/ERROR]: #!#! 
[12:28:35] [Server thread/ERROR]: #!#! End of Error.
[12:28:35] [Server thread/ERROR]: #!#! 
[12:28:35] [Server thread/INFO]: [Skript] All scripts loaded without errors.
[12:28:35] [Server thread/INFO]: [Skript] Loaded 1 script with a total of 0 triggers and 0 commands in 0.02 seconds
[12:28:35] [Server thread/INFO]: [Skript] Finished loading.
[12:28:35] [Server thread/INFO]: [ViaVersion] ViaVersion detected server version: 1.12.2(340)
[12:28:35] [Server thread/INFO]: [PlaceholderAPI] Placeholder expansion registration initializing...
[12:28:35] [Server thread/INFO]: [Citizens] Loaded 3 NPCs.
[12:28:35] [Server thread/INFO]: [PlaceholderAPI] An update for PlaceholderAPI (v2.10.4) is available at:
[12:28:35] [Craft Scheduler Thread - 2/INFO]: [Vault] Checking for Updates ... 
[12:28:35] [Server thread/INFO]: [PlaceholderAPI] https://www.spigotmc.org/resources/placeholderapi.6245/
[12:28:36] [Server thread/WARN]: [ViaVersion] There is a newer version available: 2.1.3, you're on: 1.5.2
[12:28:36] [Craft Scheduler Thread - 2/WARN]: [Vault] Stable Version: 1.7.2 is out! You are still running version: 1.5.6
[12:28:36] [Craft Scheduler Thread - 2/WARN]: [Vault] Update at: http://dev.bukkit.org/server-mods/vault
[12:28:36] [Craft Scheduler Thread - 1/WARN]: [SpigetUpdate] Invalid SemVer versions specified [135-SNAPSHOT] [1373]
[12:28:36] [Craft Scheduler Thread - 1/INFO]: [0;33;1m[[0;32;22mSkinsRestorer[0;33;1m] [0;32;1m----------------------------------------------[m
[12:28:36] [Craft Scheduler Thread - 1/INFO]: [0;33;1m[[0;32;22mSkinsRestorer[0;33;1m] [0;32;1m    +===============+[m
[12:28:36] [Craft Scheduler Thread - 1/INFO]: [0;33;1m[[0;32;22mSkinsRestorer[0;33;1m] [0;32;1m    | SkinsRestorer |[m
[12:28:36] [Craft Scheduler Thread - 1/INFO]: [0;33;1m[[0;32;22mSkinsRestorer[0;33;1m] [0;32;1m    |---------------|[m
[12:28:36] [Craft Scheduler Thread - 1/INFO]: [0;33;1m[[0;32;22mSkinsRestorer[0;33;1m] [0;32;1m    |  [0;33;1mBungee Mode[0;32;1m  |[m
[12:28:36] [Craft Scheduler Thread - 1/INFO]: [0;33;1m[[0;32;22mSkinsRestorer[0;33;1m] [0;32;1m    +===============+[m
[12:28:36] [Craft Scheduler Thread - 1/INFO]: [0;33;1m[[0;32;22mSkinsRestorer[0;33;1m] [0;32;1m----------------------------------------------[m
[12:28:36] [Craft Scheduler Thread - 1/INFO]: [0;33;1m[[0;32;22mSkinsRestorer[0;33;1m] [0;36;1m    Current version: [0;32;1m13.5-SNAPSHOT[m
[12:28:36] [Craft Scheduler Thread - 1/INFO]: [0;33;1m[[0;32;22mSkinsRestorer[0;33;1m] [0;32;1m    This is the latest version![m
[12:28:36] [Craft Scheduler Thread - 1/INFO]: [0;33;1m[[0;32;22mSkinsRestorer[0;33;1m] [0;32;1m----------------------------------------------[m
[12:28:38] [Craft Scheduler Thread - 3/INFO]: [PlaceholderAPI] 163 placeholder expansions are available on the cloud.
