[10:06:14] [Server thread/INFO]: Starting minecraft server version 1.12.2
[10:06:14] [Server thread/INFO]: Loading properties
[10:06:14] [Server thread/INFO]: Default game type: SURVIVAL
[10:06:15] [Server thread/INFO]: This server is running CraftBukkit version git-Spigot-dcd1643-e60fc34 (MC: 1.12.2) (Implementing API version 1.12.2-R0.1-SNAPSHOT)
[10:06:15] [Server thread/INFO]: Debug logging is disabled
[10:06:15] [Server thread/INFO]: Server Ping Player Sample Count: 12
[10:06:15] [Server thread/INFO]: Using 4 threads for Netty based IO
[10:06:15] [Server thread/INFO]: Generating keypair
[10:06:15] [Server thread/INFO]: Starting Minecraft server on 25.115.248.128:25566
[10:06:15] [Server thread/INFO]: Using default channel type
[10:06:15] [Server thread/INFO]: Set PluginClassLoader as parallel capable
[10:06:16] [Server thread/INFO]: [NoPlugins] Loading NoPlugins v6.9.1
[10:06:16] [Server thread/INFO]: [PluginConstructorAPI] Loading PluginConstructorAPI v1.0.51
[10:06:16] [Server thread/INFO]: [SkinsRestorer] Loading SkinsRestorer v13.5-SNAPSHOT
[10:06:16] [Server thread/INFO]: [WorldEdit] Loading WorldEdit v6.1.9;caf0ad9
[10:06:16] [Server thread/INFO]: [Join Commands] Loading JoinCommands v1.2.0
[10:06:16] [Server thread/INFO]: [Skript] Loading Skript v2.4-beta10
[10:06:16] [Server thread/INFO]: [PlaceholderAPI] Loading PlaceholderAPI v2.10.3
[10:06:16] [Server thread/INFO]: [PermissionSex] Loading PermissionsEx v1.23.4
[10:06:16] [Server thread/WARN]: [PermissionSex] This server is in offline mode. Unless this server is configured to integrate with a supported proxy (see http://dft.ba/-8ous), UUIDs *may not be stable*!
[10:06:16] [Server thread/INFO]: [skUtilities] Loading skUtilities v0.9.2
[10:06:16] [Server thread/INFO]: [ViaVersion] Loading ViaVersion v1.5.2
[10:06:16] [Server thread/INFO]: [ViaVersion] ViaVersion 1.5.2 is now loaded, injecting!
[10:06:16] [Server thread/INFO]: [ViaVersion] Loading block mapping...
[10:06:16] [Server thread/INFO]: [ViaVersion] Loading item mapping...
[10:06:16] [Server thread/INFO]: [ViaVersion] Loading new tags...
[10:06:16] [Server thread/INFO]: [ViaVersion] Loading enchantments...
[10:06:16] [Server thread/INFO]: [ViaVersion] Loading sound mapping...
[10:06:16] [Server thread/INFO]: [Vault] Loading Vault v1.5.6-b49
[10:06:16] [Server thread/INFO]: [SimplePortals] Loading SimplePortals v1.3.3-B
[10:06:16] [Server thread/INFO]: [WorldGuard] Loading WorldGuard v6.2.1;84bc322
[10:06:16] [Server thread/INFO]: [Citizens] Loading Citizens v2.0.22-SNAPSHOT (build 1487)
[10:06:16] [Server thread/INFO]: [Essentials] Loading Essentials v2.15.0.18
[10:06:16] [Server thread/INFO]: [EssentialsChat] Loading EssentialsChat v2.15.0.18
[10:06:16] [Server thread/INFO]: [CommandNPC] Loading CommandNPC v1.9.1
[10:06:16] [Server thread/INFO]: [EssentialsSpawn] Loading EssentialsSpawn v2.15.0.45
[10:06:16] [Server thread/INFO]: [AuthMe] Loading AuthMe v5.4.0-b1877
[10:06:16] [Server thread/INFO]: [ForceResourcepacks] Loading ForceResourcepacks v1.7.18 (build #271)
[10:06:16] [Server thread/INFO]: Found WorldGuard! Using handler 6. Resourcepacks per region will work!
[10:06:17] [Server thread/INFO]: [Vault] Enabling Vault v1.5.6-b49
[10:06:17] [Server thread/INFO]: [Vault] [Economy] Essentials Economy found: Waiting
[10:06:17] [Server thread/INFO]: [Vault] [Permission] PermissionsEx found: Waiting
[10:06:17] [Server thread/INFO]: [Vault] [Permission] SuperPermissions loaded as backup permission system.
[10:06:17] [Server thread/INFO]: [Vault] [Chat] PermissionsEx found: Waiting
[10:06:17] [Server thread/INFO]: [Vault] Enabled Version 1.5.6-b49
[10:06:17] [Server thread/WARN]: **** SERVER IS RUNNING IN OFFLINE/INSECURE MODE!
[10:06:17] [Server thread/WARN]: The server will make no attempt to authenticate usernames. Beware.
[10:06:17] [Server thread/WARN]: Whilst this makes it possible to use BungeeCord, unless access to your server is properly restricted, it also opens up the ability for hackers to connect with any username they choose.
[10:06:17] [Server thread/WARN]: Please see http://www.spigotmc.org/wiki/firewall-guide/ for further information.
[10:06:17] [Server thread/WARN]: To change this, set "online-mode" to "true" in the server.properties file.
[10:06:17] [Server thread/INFO]: **** Beginning UUID conversion, this may take A LONG time ****
[10:06:17] [Server thread/INFO]: Preparing level "world"
[10:06:17] [Server thread/INFO]: -------- World Settings For [world] --------
[10:06:17] [Server thread/INFO]: Mob Spawn Range: 4
[10:06:17] [Server thread/INFO]: Cactus Growth Modifier: 100%
[10:06:17] [Server thread/INFO]: Cane Growth Modifier: 100%
[10:06:17] [Server thread/INFO]: Melon Growth Modifier: 100%
[10:06:17] [Server thread/INFO]: Mushroom Growth Modifier: 100%
[10:06:17] [Server thread/INFO]: Pumpkin Growth Modifier: 100%
[10:06:17] [Server thread/INFO]: Sapling Growth Modifier: 100%
[10:06:17] [Server thread/INFO]: Wheat Growth Modifier: 100%
[10:06:17] [Server thread/INFO]: NetherWart Growth Modifier: 100%
[10:06:17] [Server thread/INFO]: Vine Growth Modifier: 100%
[10:06:17] [Server thread/INFO]: Cocoa Growth Modifier: 100%
[10:06:17] [Server thread/INFO]: Entity Tracking Range: Pl 48 / An 48 / Mo 48 / Mi 32 / Other 64
[10:06:17] [Server thread/INFO]: Entity Activation Range: An 32 / Mo 32 / Mi 16 / Tiv true
[10:06:17] [Server thread/INFO]: Max TNT Explosions: 100
[10:06:17] [Server thread/INFO]: Structure Info Saving: true
[10:06:17] [Server thread/INFO]: Tile Max Tick Time: 50ms Entity max Tick Time: 50ms
[10:06:17] [Server thread/INFO]: Hopper Transfer: 8 Hopper Check: 1 Hopper Amount: 1
[10:06:17] [Server thread/INFO]: Random Lighting Updates: false
[10:06:17] [Server thread/INFO]: Item Despawn Rate: 6000
[10:06:17] [Server thread/INFO]: Item Merge Radius: 2.5
[10:06:17] [Server thread/INFO]: Arrow Despawn Rate: 1200
[10:06:17] [Server thread/INFO]: Allow Zombie Pigmen to spawn from portal blocks: true
[10:06:17] [Server thread/INFO]: Custom Map Seeds:  Village: 10387312 Feature: 14357617 Monument: 10387313 Slime: 987234911
[10:06:17] [Server thread/INFO]: Zombie Aggressive Towards Villager: true
[10:06:17] [Server thread/INFO]: View Distance: 10
[10:06:17] [Server thread/INFO]: Nerfing mobs spawned from spawners: false
[10:06:17] [Server thread/INFO]: Experience Merge Radius: 3.0
[10:06:17] [Server thread/INFO]: Preparing start region for level 0 (Seed: -327131100239071421)
[10:06:18] [Server thread/INFO]: [NoPlugins] Enabling NoPlugins v6.9.1
[10:06:18] [Server thread/INFO]: [NoPlugins] Running version: v6.9.1
[10:06:18] [Server thread/ERROR]: [NoPlugins] ProtocolLib not found. Tab blocker can't be enabled.
[10:06:18] [Server thread/INFO]: [NoPlugins] --------------------------------
[10:06:18] [Server thread/INFO]: [NoPlugins] New Version: 7.2
[10:06:18] [Server thread/INFO]: [NoPlugins] Current Version: 6.9.1
[10:06:18] [Server thread/INFO]: [NoPlugins] Download link: https://www.spigotmc.org/resources/12965
[10:06:18] [Server thread/INFO]: [NoPlugins] This plugin is seriously recommended to update if you want to keep your plugins private.
[10:06:18] [Server thread/INFO]: [NoPlugins] --------------------------------
[10:06:18] [Server thread/INFO]: [NoPlugins] Successfully loaded.
[10:06:18] [Server thread/INFO]: [PluginConstructorAPI] Enabling PluginConstructorAPI v1.0.51
[10:06:18] [Server thread/INFO]: [SkinsRestorer] Enabling SkinsRestorer v13.5-SNAPSHOT
[10:06:18] [Server thread/INFO]: [0;33;1m[[0;32;22mSkinsRestorer[0;33;1m] [0;32;1mDetected Minecraft [0;33;1mv1_12_R1[0;32;1m, using [0;33;1mUniversalSkinFactory[0;32;1m.[m
[10:06:18] [Server thread/INFO]: [WorldEdit] Enabling WorldEdit v6.1.9;caf0ad9
[10:06:19] [Server thread/INFO]: WEPIF: Using the Bukkit Permissions API.
[10:06:19] [Server thread/INFO]: [WorldEdit] Using com.sk89q.worldedit.bukkit.adapter.impl.Spigot_v1_12_R2 as the Bukkit adapter
[10:06:19] [Server thread/INFO]: [Join Commands] Enabling JoinCommands v1.2.0
[10:06:19] [Server thread/INFO]: [Skript] Enabling Skript v2.4-beta10
[10:06:20] [ForkJoinPool.commonPool-worker-1/INFO]: [0;37;22m[[0;33;22mSkript[0;37;22m][m A new version of Skript is available: [0;33;22m2.4.1[m (you're currently running [0;33;22m2.4-beta10[m)[m
[10:06:20] [ForkJoinPool.commonPool-worker-1/INFO]: [0;37;1mDownload it at: <aqua><u><link:https://github.com/SkriptLang/Skript/releases/download/2.4.1/Skript.jar>https://github.com/SkriptLang/Skript/releases/download/2.4.1/Skript.jar[m
[10:06:22] [Server thread/INFO]: [Skript] Loaded 18230 aliases in 2506ms
[10:06:22] [Server thread/INFO]: [Skript]  ~ created by & © Peter Güttinger aka Njol ~
[10:06:22] [Server thread/INFO]: [PlaceholderAPI] Enabling PlaceholderAPI v2.10.3
[10:06:22] [Server thread/INFO]: [PlaceholderAPI] Fetching available expansion information...
[10:06:22] [Server thread/INFO]: [PermissionSex] Enabling PermissionsEx v1.23.4
[10:06:22] [Server thread/INFO]: [PermissionSex] Initializing file backend
[10:06:22] [Server thread/INFO]: [PermissionSex] Permissions file successfully reloaded
[10:06:22] [Server thread/INFO]: WEPIF: PermissionsEx detected! Using PermissionsEx for permissions.
[10:06:22] [Server thread/INFO]: [Vault][Permission] PermissionsEx hooked.
[10:06:22] [Server thread/INFO]: [Vault][Chat] PermissionsEx_Chat hooked.
[10:06:22] [Server thread/INFO]: [skUtilities] Enabling skUtilities v0.9.2
[10:06:22] [Server thread/INFO]: [skUtilities] v0.9.2: loaded modules (Conversions, Files, Yaml, Urls, Utilities) in 66ms
[10:06:22] [Server thread/INFO]: [ViaVersion] Enabling ViaVersion v1.5.2
[10:06:22] [Server thread/INFO]: [SimplePortals] Enabling SimplePortals v1.3.3-B
[10:06:22] [Server thread/INFO]: [SimplePortals] Everything inside the configuration seems to be up to date.
[10:06:22] [Server thread/INFO]: [SimplePortals] All packets have been successfully setup for v1_12_R1!
[10:06:22] [Server thread/INFO]: [SimplePortals] The plugin has enabled successfully!
[10:06:22] [Server thread/INFO]: [SimplePortals] The version 1.3.3-B is doesn't match the latest version!
[10:06:22] [Server thread/INFO]: [WorldGuard] Enabling WorldGuard v6.2.1;84bc322
[10:06:22] [Server thread/INFO]: [WorldGuard] (world) TNT ignition is blocked.
[10:06:22] [Server thread/INFO]: [WorldGuard] (world) Lighters are blocked.
[10:06:22] [Server thread/INFO]: [WorldGuard] (world) Lava fire is blocked.
[10:06:22] [Server thread/INFO]: [WorldGuard] (world) Fire spread is UNRESTRICTED.
[10:06:22] [Server thread/INFO]: [WorldGuard] Loaded configuration for world 'world'
[10:06:22] [Server thread/INFO]: [WorldGuard] Loading region data...
[10:06:22] [Server thread/INFO]: [Citizens] Enabling Citizens v2.0.22-SNAPSHOT (build 1487)
[10:06:23] [Server thread/INFO]: [Essentials] Enabling Essentials v2.15.0.18
[10:06:23] [Server thread/WARN]: [Essentials] §4Version mismatch! Please update EssentialsSpawn to the same version.
[10:06:23] [Server thread/INFO]: Attempting to convert old kits in config.yml to new kits.yml
[10:06:23] [Server thread/INFO]: No kits found to migrate.
[10:06:23] [Server thread/INFO]: [Essentials] Using 1.8.3+ BlockStateMeta provider as mob spawner provider.
[10:06:23] [Server thread/INFO]: [Essentials] Using Reflection based provider as spawn egg provider.
[10:06:23] [Server thread/INFO]: [Essentials] Using 1.9+ BasePotionData provider as potion meta provider.
[10:06:23] [Server thread/INFO]: Using locale en_US
[10:06:23] [Server thread/INFO]: [Essentials] Using Spigot 1.7.10+ ServerListPingEvent iterator
[10:06:23] [Server thread/INFO]: [Essentials] Starting Metrics. Opt-out using the global bStats config.
[10:06:23] [Server thread/INFO]: [Vault][Economy] Essentials Economy hooked.
[10:06:23] [Server thread/INFO]: [Essentials] Using Vault based permissions (PermissionsEx)
[10:06:23] [Server thread/INFO]: [EssentialsChat] Enabling EssentialsChat v2.15.0.18
[10:06:23] [Server thread/INFO]: [CommandNPC] Enabling CommandNPC v1.9.1
[10:06:23] [Server thread/INFO]: [0;30;1m[[0;32;22mCommandNPC[0;30;1m] [0;33;22mVault compatible economy found! Economy support for CommandNPC has been enabled.[m
[10:06:23] [Server thread/INFO]: [0;30;1m[[0;32;22mCommandNPC[0;30;1m] [0;33;22mInitiating Database[m
[10:06:23] [Server thread/INFO]: [0;30;1m[[0;32;22mCommandNPC[0;30;1m] [0;33;22mInjecting command info into Citizens.[m
[10:06:23] [Thread-12/INFO]: [0;30;1m[[0;32;22mCommandNPC[0;30;1m] [0;33;22mLoading commands complete![m
[10:06:23] [Server thread/INFO]: [0;30;1m[[0;32;22mCommandNPC[0;30;1m] [0;33;22mCommandNPC successfully loaded![m
[10:06:23] [Server thread/INFO]: [EssentialsSpawn] Enabling EssentialsSpawn v2.15.0.45
[10:06:23] [Server thread/WARN]: §4Version mismatch! Please update all Essentials jars to the same version.
[10:06:23] [Server thread/INFO]: [AuthMe] Enabling AuthMe v5.4.0-b1877
[10:06:23] [Server thread/INFO]: [AuthMe] SQLite Setup finished
[10:06:23] [Server thread/INFO]: [AuthMe] Hooked into PermissionsEx!
[10:06:23] [Server thread/INFO]: [AuthMe] Hooked successfully into Essentials
[10:06:23] [Server thread/INFO]: [AuthMe] Essentials spawn file not found: 'C:\Users\Admin\Desktop\Server\MAIN\HubWizard\plugins\Essentials\spawn.yml'
[10:06:23] [Thread-13/WARN]: [AuthMe] Could not download GeoLiteAPI database [UnknownHostException]: geolite.maxmind.com
[10:06:23] [Thread-10/WARN]: [PermissionSex] The updater could not find any files for the project id 31279
[10:06:23] [Server thread/WARN]: [AuthMe] WARNING! The protectInventory feature requires ProtocolLib! Disabling it...
[10:06:23] [Server thread/INFO]: [AuthMe] Development builds are available on our jenkins, thanks to f14stelt.
[10:06:23] [Server thread/INFO]: [AuthMe] Do you want a good game server? Look at our sponsor GameHosting.it leader in Italy as Game Server Provider!
[10:06:23] [Server thread/INFO]: [AuthMe] AuthMe 5.4.0 build n.1877 correctly enabled!
[10:06:23] [Server thread/INFO]: [ForceResourcepacks] Enabling ForceResourcepacks v1.7.18 (build #271)
[10:06:23] [Server thread/INFO]: [0;31;1m[ForceResourcepacks] [0;31;22mCracked by t0r[m
[10:06:23] [Server thread/INFO]: [ForceResourcepacks] Loading config!
[10:06:23] [Server thread/INFO]: [ForceResourcepacks] Debug level: FINE
[10:06:23] [Server thread/INFO]: [ForceResourcepacks] overworld - https://download.nodecdn.net/containers/nodecraft/minepack/405647d0f0322fe15eee12ac913db14b.zip - 732db115fe78dc3644843e028ed404b520002c82
[10:06:23] [Server thread/INFO]: [ForceResourcepacks] nether - http://example.com/netherresourcepack.zip - 012345678abcdef012345678abcdef012345678a
[10:06:23] [Server thread/INFO]: [ForceResourcepacks] empty - http://cdn.moep.tv/files/Empty.zip - c05faed4680570a6159823e13fbae2ae830166ab
[10:06:23] [Server thread/INFO]: [ForceResourcepacks] Loading global assignment...
[10:06:23] [Server thread/INFO]: [ForceResourcepacks] Loaded global assignment PackActionAssignment{name=global, pack=overworld, secondaries=[], sendDelay=3, statusMap=[LOADED=[MESSAGE=Cài Đặt Thành Công Gói Tài Nguyên WizardLand, CONSOLE_COMMAND=gamemode 2 %player%, DECLINED=[KICK=&cBạn Phải Chấp Nhận Resourpack!/n&2Hướng Dẫn Tại Đây &ehttp://s.moep.tv/rp &c!, firstJoinStatusMap=[LOADED=[MESSAGE=&aCài Đặt Thành Công Gói Tài Nguyên &6Wizard&2Land, DECLINED=[KICK=&cBạn Phải Chấp Nhận Resourpack,Hướng Dẫn Tại Đây &ehttp://s.moep.tv/rp &c!}
[10:06:23] [Server thread/INFO]: [ForceResourcepacks] Loading world assignments...
[10:06:23] [Server thread/INFO]: [ForceResourcepacks] Loading assignment for world your_example_world...
[10:06:23] [Server thread/INFO]: [ForceResourcepacks] Loaded assignment PackActionAssignment{name=your_example_world, pack=overworld, secondaries=[nether], sendDelay=-1, regex=example_world_.*, statusMap=[LOADED=[MESSAGE=&aYou are now using the &e%pack%&a pack!, DECLINED=[TITLE=&cPlease accept pack!, SUBTITLE=&eIt looks a lot nicer with it!, MESSAGE=&cVisit &ehttp://s.moep.tv/rp&c for info on how to enable the server resource pack!, FAILED=[KICK=&ePlease try rejoining, you need the pack!, ACCEPTED=[MESSAGE=&cDownloading server resource pack...}
[10:06:23] [Server thread/INFO]: [ForceResourcepacks] Loading assignment for world your_example_nether...
[10:06:23] [Server thread/WARN]: [ForceResourcepacks] The destination lobby does not exist! The send action for the your_example_nether assignment will not work!
[10:06:23] [Server thread/INFO]: [ForceResourcepacks] Loaded assignment PackActionAssignment{name=your_example_nether, pack=nether, secondaries=[], sendDelay=-1, statusMap=[DECLINED=[SEND=world, TITLE=&cYou need the pack!, SUBTITLE=&eYou cannot play without it!, MESSAGE=&cVisit &ehttp://s.moep.tv/rp&c for info on how to enable the server resource pack!, TIMEOUT=[TITLE=&cPlease accept the pack!, SUBTITLE=&eYou cannot play without it!}
[10:06:23] [Server thread/INFO]: [ForceResourcepacks] Detected AuthMe 5.4.0-b1877
[10:06:23] [Server thread/INFO]: [ForceResourcepacks] Detected server packformat 3!
[10:06:23] [Server thread/INFO]: [ForceResourcepacks] Detected ViaVersion 1.5.2
[10:06:23] [Server thread/INFO]: [WorldGuard] Registering session handler de.themoep.resourcepacksplugin.bukkit.worldguard.WorldGuard6Handler
[10:06:23] [Server thread/INFO]: Server permissions file permissions.yml is empty, ignoring it
[10:06:24] [Server thread/INFO]: Done (7.032s)! For help, type "help" or "?"
[10:06:24] [Server thread/INFO]: [Skript] Loading variables...
[10:06:24] [Server thread/INFO]: [Skript] Loaded 0 variables in 0.0 seconds
[10:06:24] [Server thread/INFO]: [Skript] All scripts loaded without errors.
[10:06:24] [Server thread/INFO]: [Skript] Loaded 1 script with a total of 1 trigger and 0 commands in 0.05 seconds
[10:06:24] [Server thread/INFO]: [Skript] Finished loading.
[10:06:24] [Server thread/INFO]: [ViaVersion] ViaVersion detected server version: 1.12.2(340)
[10:06:24] [Server thread/INFO]: [PlaceholderAPI] Placeholder expansion registration initializing...
[10:06:24] [Server thread/INFO]: [Citizens] Loaded 4 NPCs.
[10:06:24] [Craft Scheduler Thread - 7/INFO]: [Vault] Checking for Updates ... 
[10:06:24] [Server thread/INFO]: [PlaceholderAPI] An update for PlaceholderAPI (v2.10.5) is available at:
[10:06:24] [Server thread/INFO]: [PlaceholderAPI] https://www.spigotmc.org/resources/placeholderapi.6245/
[10:06:24] [Server thread/WARN]: [ViaVersion] There is a newer version available: 2.2.3, you're on: 1.5.2
[10:06:25] [Craft Scheduler Thread - 7/WARN]: [Vault] Stable Version: 1.7.2 is out! You are still running version: 1.5.6
[10:06:25] [Craft Scheduler Thread - 7/WARN]: [Vault] Update at: http://dev.bukkit.org/server-mods/vault
[10:06:25] [Craft Scheduler Thread - 1/WARN]: [SpigetUpdate] Invalid SemVer versions specified [135-SNAPSHOT] [1375]
[10:06:25] [Craft Scheduler Thread - 1/INFO]: [0;33;1m[[0;32;22mSkinsRestorer[0;33;1m] [0;32;1m----------------------------------------------[m
[10:06:25] [Craft Scheduler Thread - 1/INFO]: [0;33;1m[[0;32;22mSkinsRestorer[0;33;1m] [0;32;1m    +===============+[m
[10:06:25] [Craft Scheduler Thread - 1/INFO]: [0;33;1m[[0;32;22mSkinsRestorer[0;33;1m] [0;32;1m    | SkinsRestorer |[m
[10:06:25] [Craft Scheduler Thread - 1/INFO]: [0;33;1m[[0;32;22mSkinsRestorer[0;33;1m] [0;32;1m    |---------------|[m
[10:06:25] [Craft Scheduler Thread - 1/INFO]: [0;33;1m[[0;32;22mSkinsRestorer[0;33;1m] [0;32;1m    |  [0;33;1mBungee Mode[0;32;1m  |[m
[10:06:25] [Craft Scheduler Thread - 1/INFO]: [0;33;1m[[0;32;22mSkinsRestorer[0;33;1m] [0;32;1m    +===============+[m
[10:06:25] [Craft Scheduler Thread - 1/INFO]: [0;33;1m[[0;32;22mSkinsRestorer[0;33;1m] [0;32;1m----------------------------------------------[m
[10:06:25] [Craft Scheduler Thread - 1/INFO]: [0;33;1m[[0;32;22mSkinsRestorer[0;33;1m] [0;36;1m    Current version: [0;32;1m13.5-SNAPSHOT[m
[10:06:25] [Craft Scheduler Thread - 1/INFO]: [0;33;1m[[0;32;22mSkinsRestorer[0;33;1m] [0;32;1m    This is the latest version![m
[10:06:25] [Craft Scheduler Thread - 1/INFO]: [0;33;1m[[0;32;22mSkinsRestorer[0;33;1m] [0;32;1m----------------------------------------------[m
[10:06:26] [Craft Scheduler Thread - 3/INFO]: [PlaceholderAPI] 169 placeholder expansions are available on the cloud.
