[21:32:04] [Server thread/INFO]: Loading properties
[21:32:04] [Server thread/INFO]: This server is running CraftBukkit version git-Spigot-800b93f-8160e29 (MC: 1.15.2) (Implementing API version 1.15.2-R0.1-SNAPSHOT)
[21:32:04] [Server thread/INFO]: Debug logging is disabled
[21:32:04] [Server thread/INFO]: Using 4 threads for Netty based IO
[21:32:05] [Server thread/INFO]: Server Ping Player Sample Count: 12
[21:32:05] [Server thread/INFO]: Default game type: SURVIVAL
[21:32:05] [Server thread/INFO]: Generating keypair
[21:32:05] [Server thread/INFO]: Starting Minecraft server on 25.55.187.237:25566
[21:32:05] [Server thread/INFO]: Using default channel type
[21:32:10] [Server thread/INFO]: [PluginManager] Loading PluginManager v1.3
[21:32:10] [Server thread/INFO]: [NoPlugins] Loading NoPlugins v7.2
[21:32:10] [Server thread/INFO]: [PluginConstructorAPI] Loading PluginConstructorAPI v1.0.52
[21:32:10] [Server thread/INFO]: [SkinsRestorer] Loading SkinsRestorer v13.8.2
[21:32:10] [Server thread/INFO]: [WorldEdit] Loading WorldEdit v7.1.0;8e55131
[21:32:12] [Server thread/INFO]: Got request to register class com.sk89q.worldedit.bukkit.BukkitServerInterface with WorldEdit [com.sk89q.worldedit.extension.platform.PlatformManager@69f10e76]
[21:32:12] [Server thread/INFO]: [Essentials] Loading Essentials v2.17.2.0
[21:32:12] [Server thread/INFO]: [EssentialsSpawn] Loading EssentialsSpawn v2.17.2.0
[21:32:12] [Server thread/INFO]: [SimplePortals] Loading SimplePortals v1.4.5
[21:32:12] [Server thread/INFO]: [EssentialsChat] Loading EssentialsChat v2.17.2.0
[21:32:12] [Server thread/INFO]: [ProtocolLib] Loading ProtocolLib v4.5.0
[21:32:12] [Server thread/WARN]: [ProtocolLib] Version (MC: 1.15.2) has not yet been tested! Proceed with caution.
[21:32:12] [Server thread/INFO]: [WorldGuard] Loading WorldGuard v7.0.2-SNAPSHOT;bf2593e
[21:32:12] [Server thread/INFO]: [nLogin] Loading nLogin v7.6.0
[21:32:12] [Server thread/INFO]: [WorldEdit] Enabling WorldEdit v7.1.0;8e55131
[21:32:12] [Server thread/INFO]: WEPIF: Using the Bukkit Permissions API.
[21:32:13] [Server thread/INFO]: Using com.sk89q.worldedit.bukkit.adapter.impl.Spigot_v1_15_R2 as the Bukkit adapter
[21:32:14] [Server thread/WARN]: [WorldEdit] ====================================================
[21:32:14] [Server thread/WARN]: [WorldEdit]  WorldEdit works better if you use Paper 
[21:32:14] [Server thread/WARN]: [WorldEdit]  as your server software. 
[21:32:14] [Server thread/WARN]: [WorldEdit]   
[21:32:14] [Server thread/WARN]: [WorldEdit]  Paper offers significant performance improvements,
[21:32:14] [Server thread/WARN]: [WorldEdit]  bug fixes, security enhancements and optional
[21:32:14] [Server thread/WARN]: [WorldEdit]  features for server owners to enhance their server.
[21:32:14] [Server thread/WARN]: [WorldEdit]   
[21:32:14] [Server thread/WARN]: [WorldEdit]  Paper includes Timings v2, which is significantly
[21:32:14] [Server thread/WARN]: [WorldEdit]  better at diagnosing lag problems over v1.
[21:32:14] [Server thread/WARN]: [WorldEdit]   
[21:32:14] [Server thread/WARN]: [WorldEdit]  All of your plugins should still work, and the
[21:32:14] [Server thread/WARN]: [WorldEdit]  Paper community will gladly help you fix any issues.
[21:32:14] [Server thread/WARN]: [WorldEdit]   
[21:32:14] [Server thread/WARN]: [WorldEdit]  Join the Paper Community @ https://papermc.io
[21:32:14] [Server thread/WARN]: [WorldEdit] ====================================================
[21:32:14] [Server thread/INFO]: [ProtocolLib] Enabling ProtocolLib v4.5.0
[21:32:14] [Server thread/INFO]: [ProtocolLib] Started structure compiler thread.
[21:32:14] [Server thread/INFO]: [nLogin] Enabling nLogin v7.6.0
[21:32:14] [Server thread/INFO]: [CoreLibs] Loaded successfully by org.bukkit.plugin.java.PluginClassLoader
[21:32:14] [Server thread/INFO]: [CoreLibs] Enabling CoreLibs v1.3
[21:32:16] [Server thread/ERROR]: Error occurred while enabling nLogin v7.6.0 (Is it up to date?)
com.nickuc.libs.json.JSONException: A JSONObject text must begin with '{' at 1 [character 2 line 1]
	at com.nickuc.libs.json.JSONTokener.syntaxError(JSONTokener.java:502) ~[?:?]
	at com.nickuc.libs.json.JSONObject.<init>(JSONObject.java:214) ~[?:?]
	at com.nickuc.libs.json.JSONObject.<init>(JSONObject.java:398) ~[?:?]
	at com.nickuc.login.VDiToXTyiBPVVVVX.NBuekRBJoeuLJkgc(nPlugin.java:127) ~[?:?]
	at com.nickuc.login.VDiToXTyiBPVVVVX.<init>(nPlugin.java:65) ~[?:?]
	at com.nickuc.login.qNBcFRZuDqTsJiec.onEnable(AbstractPlugin.java:134) ~[?:?]
	at org.bukkit.plugin.java.JavaPlugin.setEnabled(JavaPlugin.java:263) ~[Spigot.jar:git-Spigot-800b93f-8160e29]
	at org.bukkit.plugin.java.JavaPluginLoader.enablePlugin(JavaPluginLoader.java:352) [Spigot.jar:git-Spigot-800b93f-8160e29]
	at org.bukkit.plugin.SimplePluginManager.enablePlugin(SimplePluginManager.java:417) [Spigot.jar:git-Spigot-800b93f-8160e29]
	at org.bukkit.craftbukkit.v1_15_R1.CraftServer.enablePlugin(CraftServer.java:462) [Spigot.jar:git-Spigot-800b93f-8160e29]
	at org.bukkit.craftbukkit.v1_15_R1.CraftServer.enablePlugins(CraftServer.java:376) [Spigot.jar:git-Spigot-800b93f-8160e29]
	at net.minecraft.server.v1_15_R1.DedicatedServer.init(DedicatedServer.java:204) [Spigot.jar:git-Spigot-800b93f-8160e29]
	at net.minecraft.server.v1_15_R1.MinecraftServer.run(MinecraftServer.java:784) [Spigot.jar:git-Spigot-800b93f-8160e29]
	at java.lang.Thread.run(Unknown Source) [?:1.8.0_251]
[21:32:16] [Server thread/WARN]: **** SERVER IS RUNNING IN OFFLINE/INSECURE MODE!
[21:32:16] [Server thread/WARN]: The server will make no attempt to authenticate usernames. Beware.
[21:32:16] [Server thread/WARN]: Whilst this makes it possible to use BungeeCord, unless access to your server is properly restricted, it also opens up the ability for hackers to connect with any username they choose.
[21:32:16] [Server thread/WARN]: Please see http://www.spigotmc.org/wiki/firewall-guide/ for further information.
[21:32:16] [Server thread/WARN]: To change this, set "online-mode" to "true" in the server.properties file.
[21:32:16] [Server thread/INFO]: Preparing level "world"
[21:32:16] [Server thread/INFO]: Reloading ResourceManager: Default, bukkit
[21:32:17] [Server thread/INFO]: Loaded 6 recipes
[21:32:17] [Server thread/INFO]: -------- World Settings For [world] --------
[21:32:17] [Server thread/INFO]: View Distance: 10
[21:32:17] [Server thread/INFO]: Allow Zombie Pigmen to spawn from portal blocks: true
[21:32:17] [Server thread/INFO]: Item Merge Radius: 2.5
[21:32:17] [Server thread/INFO]: Item Despawn Rate: 6000
[21:32:17] [Server thread/INFO]: Entity Tracking Range: Pl 48 / An 48 / Mo 48 / Mi 32 / Other 64
[21:32:17] [Server thread/INFO]: Experience Merge Radius: 3.0
[21:32:17] [Server thread/INFO]: Entity Activation Range: An 32 / Mo 32 / Ra 48 / Mi 16 / Tiv true
[21:32:17] [Server thread/INFO]: Hopper Transfer: 8 Hopper Check: 1 Hopper Amount: 1
[21:32:17] [Server thread/INFO]: Mob Spawn Range: 4
[21:32:17] [Server thread/INFO]: Cactus Growth Modifier: 100%
[21:32:17] [Server thread/INFO]: Cane Growth Modifier: 100%
[21:32:17] [Server thread/INFO]: Melon Growth Modifier: 100%
[21:32:17] [Server thread/INFO]: Mushroom Growth Modifier: 100%
[21:32:17] [Server thread/INFO]: Pumpkin Growth Modifier: 100%
[21:32:17] [Server thread/INFO]: Sapling Growth Modifier: 100%
[21:32:17] [Server thread/INFO]: Beetroot Growth Modifier: 100%
[21:32:17] [Server thread/INFO]: Carrot Growth Modifier: 100%
[21:32:17] [Server thread/INFO]: Potato Growth Modifier: 100%
[21:32:17] [Server thread/INFO]: Wheat Growth Modifier: 100%
[21:32:17] [Server thread/INFO]: NetherWart Growth Modifier: 100%
[21:32:17] [Server thread/INFO]: Vine Growth Modifier: 100%
[21:32:17] [Server thread/INFO]: Cocoa Growth Modifier: 100%
[21:32:17] [Server thread/INFO]: Bamboo Growth Modifier: 100%
[21:32:17] [Server thread/INFO]: SweetBerry Growth Modifier: 100%
[21:32:17] [Server thread/INFO]: Kelp Growth Modifier: 100%
[21:32:17] [Server thread/INFO]: Tile Max Tick Time: 50ms Entity max Tick Time: 50ms
[21:32:17] [Server thread/INFO]: Max TNT Explosions: 100
[21:32:17] [Server thread/INFO]: Arrow Despawn Rate: 1200 Trident Respawn Rate:1200
[21:32:17] [Server thread/INFO]: Zombie Aggressive Towards Villager: true
[21:32:17] [Server thread/INFO]: Nerfing mobs spawned from spawners: false
[21:32:17] [Server thread/INFO]: Custom Map Seeds:  Village: 10387312 Desert: 14357617 Igloo: 14357618 Jungle: 14357619 Swamp: 14357620 Monument: 10387313Ocean: 14357621 Shipwreck: 165745295 Slime: 987234911
[21:32:19] [Server thread/INFO]: Registering commands with com.sk89q.worldedit.bukkit.BukkitServerInterface
[21:32:19] [Server thread/INFO]: Preparing start region for dimension 'world'/minecraft:overworld
[21:32:19] [Server thread/INFO]: Preparing spawn area: 0%
[21:32:19] [Server thread/INFO]: Preparing spawn area: 0%
[21:32:20] [Server thread/INFO]: Preparing spawn area: 0%
[21:32:20] [Server thread/INFO]: Time elapsed: 1186 ms
[21:32:20] [Server thread/INFO]: [PluginManager] Enabling PluginManager v1.3
[21:32:20] [Server thread/INFO]: [0;32;1m[21mPluginManager [0;30;1m» [0;37;22m[0;37;22mThe plugin has been[0;30;1m: [0;32;1mENABLED[m
[21:32:20] [Server thread/INFO]: [NoPlugins] Enabling NoPlugins v7.2
[21:32:20] [Server thread/INFO]: [NoPlugins] Minecraft version: v1_15_R1
[21:32:20] [Server thread/INFO]: [NoPlugins] --------------------------------
[21:32:20] [Server thread/INFO]: [NoPlugins] New Version: 7.3
[21:32:20] [Server thread/INFO]: [NoPlugins] Current Version: 7.2
[21:32:20] [Server thread/INFO]: [NoPlugins] Download link: https://www.spigotmc.org/resources/12965
[21:32:20] [Server thread/INFO]: [NoPlugins] This plugin is seriously recommended to update if you want to keep your plugins private.
[21:32:20] [Server thread/INFO]: [NoPlugins] --------------------------------
[21:32:20] [Server thread/INFO]: [NoPlugins] Successfully loaded.
[21:32:20] [Server thread/INFO]: [PluginConstructorAPI] Enabling PluginConstructorAPI v1.0.52
[21:32:20] [Server thread/INFO]: [SkinsRestorer] Enabling SkinsRestorer v13.8.2
[21:32:20] [Server thread/INFO]: [SkinsRestorer] Failed PaperSkinRefresher
[21:32:20] [Server thread/INFO]: [SkinsRestorer] Using SpigotSkinRefresher
[21:32:20] [Server thread/INFO]: [0;33;1m[[0;32;22mSkinsRestorer[0;33;1m] [0;32;1mDetected Minecraft [0;33;1mv1_15_R1[0;32;1m, using [0;33;1mUniversalSkinFactory[0;32;1m.[m
[21:32:20] [Server thread/INFO]: [SkinsRestorer] -------------------------/Warning\-------------------------
[21:32:20] [Server thread/INFO]: [SkinsRestorer] This plugin is running in Bungee mode!
[21:32:20] [Server thread/INFO]: [SkinsRestorer] You have to do all configuration at config file
[21:32:20] [Server thread/INFO]: [SkinsRestorer] inside your Bungeecord server.
[21:32:20] [Server thread/INFO]: [SkinsRestorer] (Bungeecord-Server/plugins/SkinsRestorer/).
[21:32:20] [Server thread/INFO]: [SkinsRestorer] -------------------------\Warning/-------------------------
[21:32:20] [Server thread/INFO]: [Essentials] Enabling Essentials v2.17.2.0
[21:32:20] [Server thread/INFO]: Attempting to convert old kits in config.yml to new kits.yml
[21:32:20] [Server thread/INFO]: No kits found to migrate.
[21:32:20] [Server thread/INFO]: [Essentials] Using 1.8.3+ BlockStateMeta provider as mob spawner provider.
[21:32:20] [Server thread/INFO]: [Essentials] Using 1.13+ flat spawn egg provider as spawn egg provider.
[21:32:21] [Server thread/INFO]: [Essentials] Using 1.9+ BasePotionData provider as potion meta provider.
[21:32:21] [Server thread/INFO]: Loaded 21018 items from items.json.
[21:32:21] [Server thread/INFO]: Using locale en_US
[21:32:21] [Server thread/INFO]: [Essentials] ServerListPingEvent: Spigot iterator API
[21:32:21] [Server thread/INFO]: [Essentials] Starting Metrics. Opt-out using the global bStats config.
[21:32:21] [Server thread/INFO]: [Essentials] Using superperms-based permissions.
[21:32:21] [Server thread/INFO]: [EssentialsSpawn] Enabling EssentialsSpawn v2.17.2.0
[21:32:21] [Server thread/INFO]: [SimplePortals] Enabling SimplePortals v1.4.5
[21:32:21] [Server thread/INFO]: [SimplePortals] Everything inside the configuration seems to be up to date. (Took 2ms)
[21:32:21] [Server thread/INFO]: [SimplePortals] All packets have been successfully setup for v1_15_R1!
[21:32:21] [Server thread/INFO]: [SimplePortals] The plugin has enabled successfully!
[21:32:21] [Server thread/INFO]: [EssentialsChat] Enabling EssentialsChat v2.17.2.0
[21:32:21] [Server thread/INFO]: [WorldGuard] Enabling WorldGuard v7.0.2-SNAPSHOT;bf2593e
[21:32:21] [Server thread/INFO]: [WorldGuard] (world) TNT ignition is PERMITTED.
[21:32:21] [Server thread/INFO]: [WorldGuard] (world) Lighters are PERMITTED.
[21:32:21] [Server thread/INFO]: [WorldGuard] (world) Lava fire is PERMITTED.
[21:32:21] [Server thread/INFO]: [WorldGuard] (world) Fire spread is UNRESTRICTED.
[21:32:21] [Server thread/INFO]: [WorldGuard] Loaded configuration for world 'world'
[21:32:21] [Server thread/INFO]: [WorldGuard] Loading region data...
[21:32:21] [Server thread/INFO]: Server permissions file permissions.yml is empty, ignoring it
[21:32:22] [Server thread/INFO]: Done (5.390s)! For help, type "help"
[21:32:22] [Craft Scheduler Thread - 5/INFO]: [SimplePortals] The version 1.4.5 is doesn't match the latest version!
[21:32:22] [Craft Scheduler Thread - 0/INFO]: [0;33;1m[[0;32;22mSkinsRestorer[0;33;1m] [0;32;1m----------------------------------------------[m
[21:32:22] [Craft Scheduler Thread - 0/INFO]: [0;33;1m[[0;32;22mSkinsRestorer[0;33;1m] [0;32;1m    +===============+[m
[21:32:22] [Craft Scheduler Thread - 0/INFO]: [0;33;1m[[0;32;22mSkinsRestorer[0;33;1m] [0;32;1m    | SkinsRestorer |[m
[21:32:22] [Craft Scheduler Thread - 0/INFO]: [0;33;1m[[0;32;22mSkinsRestorer[0;33;1m] [0;32;1m    |---------------|[m
[21:32:22] [Craft Scheduler Thread - 0/INFO]: [0;33;1m[[0;32;22mSkinsRestorer[0;33;1m] [0;32;1m    |  [0;33;1mBungee Mode[0;32;1m  |[m
[21:32:22] [Craft Scheduler Thread - 0/INFO]: [0;33;1m[[0;32;22mSkinsRestorer[0;33;1m] [0;32;1m    +===============+[m
[21:32:22] [Craft Scheduler Thread - 0/INFO]: [0;33;1m[[0;32;22mSkinsRestorer[0;33;1m] [0;32;1m----------------------------------------------[m
[21:32:22] [Craft Scheduler Thread - 0/INFO]: [0;33;1m[[0;32;22mSkinsRestorer[0;33;1m] [0;36;1m    Current version: [0;32;1m13.8.2[m
[21:32:22] [Craft Scheduler Thread - 0/INFO]: [0;33;1m[[0;32;22mSkinsRestorer[0;33;1m] [0;32;1m    This is the latest version![m
[21:32:22] [Craft Scheduler Thread - 0/INFO]: [0;33;1m[[0;32;22mSkinsRestorer[0;33;1m] [0;32;1m----------------------------------------------[m
[21:32:23] [Server thread/INFO]: [0;33;1m[ProtocolLib] The updater found an update, and has readied it to be loaded the next time the server restarts/reloads.[m
